22222222222222222222
22000000000000000202
22222222222222220000
22222222222222220000
22000000000000000111
00011111111111111111
00111111111111111111
10000000000000001111
11111111111111111111
11111111111111111111

22222222222222222222
22333333333333333232
22222222222222223333
22222222222222223333
22333333333333333111
33311111111111111111
33111111111111111111
13333333333333331111
11111111111111111111
11111111111111111111

22222222222222222222
22333333333333333232
22222222222222223333
22222222222222223333
22333333333333333444
33344444444444444444
33444444444444444444
43333333333333334444
44444444444444444444
44444444444444444444

